  Asteroid.cpp
c:\dev\wormholeadventure_v2\wormholeadventure_v2\asteroid.cpp(38): warning C4244: '+=': conversion from 'double' to 'T', possible loss of data
          with
          [
              T=float
          ]
c:\dev\wormholeadventure_v2\wormholeadventure_v2\asteroid.cpp(39): warning C4244: '+=': conversion from 'double' to 'T', possible loss of data
          with
          [
              T=float
          ]
c:\dev\wormholeadventure_v2\wormholeadventure_v2\asteroid.cpp(49): warning C4305: 'argument': truncation from 'double' to 'T'
          with
          [
              T=float
          ]
  GameState.cpp
c:\program files (x86)\windows kits\10\include\10.0.17763.0\shared\minwindef.h(130): warning C4005: 'APIENTRY': macro redefinition
  c:\dev\wormholeadventure_v2\packages\nupengl.core.0.1.0.1\build\native\include\glfw\glfw3.h(92): note: see previous definition of 'APIENTRY'
c:\dev\wormholeadventure_v2\wormholeadventure_v2\wormhole.h(21): warning C4305: 'initializing': truncation from 'double' to 'const float'
  Generating Code...
  WormholeAdventure_v2.vcxproj -> C:\Dev\WormholeAdventure_v2\Debug\WormholeAdventure_v2.exe
